c:\users\administrator.sc-201902131445\desktop\camera-focal\camera-focal\debug\camera-focal.pch
c:\users\administrator.sc-201902131445\desktop\camera-focal\camera-focal\debug\vc120.pdb
c:\users\administrator.sc-201902131445\desktop\camera-focal\camera-focal\debug\vc120.idb
c:\users\administrator.sc-201902131445\desktop\camera-focal\camera-focal\debug\stdafx.obj
c:\users\administrator.sc-201902131445\desktop\camera-focal\camera-focal\debug\camera-focal.obj
c:\users\administrator.sc-201902131445\desktop\camera-focal\camera-focal\debug\camera-focaldlg.obj
c:\users\administrator.sc-201902131445\desktop\camera-focal\camera-focal\debug\mscomm1.obj
d:\段仕鹏\无\上山\202101上山\软件\上山材料-潘智\camera-focal-2020.1.12\camera-focal\debug\camera-focal.pch
d:\段仕鹏\无\上山\202101上山\软件\上山材料-潘智\camera-focal-2020.1.12\camera-focal\debug\vc141.pdb
d:\段仕鹏\无\上山\202101上山\软件\上山材料-潘智\camera-focal-2020.1.12\camera-focal\debug\vc141.idb
d:\段仕鹏\无\上山\202101上山\软件\上山材料-潘智\camera-focal-2020.1.12\camera-focal\debug\stdafx.obj
d:\段仕鹏\无\上山\202101上山\软件\上山材料-潘智\camera-focal-2020.1.12\camera-focal\debug\mscomm1.obj
d:\段仕鹏\无\上山\202101上山\软件\上山材料-潘智\camera-focal-2020.1.12\camera-focal\debug\camera-focaldlg.obj
d:\段仕鹏\无\上山\202101上山\软件\上山材料-潘智\camera-focal-2020.1.12\camera-focal\debug\camera-focal.obj
c:\users\administrator.sc-201902131445\desktop\camera-focal\debug\camera-focal.ilk
c:\users\administrator.sc-201902131445\desktop\camera-focal\debug\camera-focal.exe
c:\users\administrator.sc-201902131445\desktop\camera-focal\debug\camera-focal.pdb
d:\段仕鹏\无\上山\202101上山\软件\上山材料-潘智\camera-focal-2020.1.12\debug\camera-focal.ilk
d:\段仕鹏\无\上山\202101上山\软件\上山材料-潘智\camera-focal-2020.1.12\debug\camera-focal.exe
d:\段仕鹏\无\上山\202101上山\软件\上山材料-潘智\camera-focal-2020.1.12\debug\camera-focal.pdb
c:\users\administrator.sc-201902131445\desktop\camera-focal\camera-focal\debug\camera-focal.res
d:\段仕鹏\无\上山\202101上山\软件\上山材料-潘智\camera-focal-2020.1.12\camera-focal\debug\camera-focal.res
d:\段仕鹏\无\上山\202101上山\软件\上山材料-潘智\camera-focal-2020.1.12\camera-focal\debug\vc120.idb
d:\段仕鹏\无\上山\202101上山\软件\上山材料-潘智\camera-focal-2020.1.12\camera-focal\debug\vc120.pdb
d:\段仕鹏\无\上山\202101上山\软件\上山材料-潘智\camera-focal-2020.1.12\camera-focal\debug\camera-focal.tlog\cl.command.1.tlog
d:\段仕鹏\无\上山\202101上山\软件\上山材料-潘智\camera-focal-2020.1.12\camera-focal\debug\camera-focal.tlog\cl.read.1.tlog
d:\段仕鹏\无\上山\202101上山\软件\上山材料-潘智\camera-focal-2020.1.12\camera-focal\debug\camera-focal.tlog\cl.write.1.tlog
d:\段仕鹏\无\上山\202101上山\软件\上山材料-潘智\camera-focal-2020.1.12\camera-focal\debug\camera-focal.tlog\link.command.1.tlog
d:\段仕鹏\无\上山\202101上山\软件\上山材料-潘智\camera-focal-2020.1.12\camera-focal\debug\camera-focal.tlog\link.delete.1.tlog
d:\段仕鹏\无\上山\202101上山\软件\上山材料-潘智\camera-focal-2020.1.12\camera-focal\debug\camera-focal.tlog\link.read.1.tlog
d:\段仕鹏\无\上山\202101上山\软件\上山材料-潘智\camera-focal-2020.1.12\camera-focal\debug\camera-focal.tlog\link.write.1.tlog
d:\段仕鹏\无\上山\202101上山\软件\上山材料-潘智\camera-focal-2020.1.12\camera-focal\debug\camera-focal.tlog\rc.command.1.tlog
d:\段仕鹏\无\上山\202101上山\软件\上山材料-潘智\camera-focal-2020.1.12\camera-focal\debug\camera-focal.tlog\rc.read.1.tlog
d:\段仕鹏\无\上山\202101上山\软件\上山材料-潘智\camera-focal-2020.1.12\camera-focal\debug\camera-focal.tlog\rc.write.1.tlog
